10:54:53.770 [main] INFO  testCases.TC_001_AccountRegistrationtTest - Strating TC_001_AccountRegistrationtTest
10:54:53.987 [main] INFO  testCases.TC_001_AccountRegistrationtTest - Clicked on My Account 
10:54:54.591 [main] INFO  testCases.TC_001_AccountRegistrationtTest - Clicked on Register 
10:54:54.867 [main] INFO  testCases.TC_001_AccountRegistrationtTest - Provided First Name 
10:54:54.953 [main] INFO  testCases.TC_001_AccountRegistrationtTest - Provided Last Name 
10:54:55.077 [main] INFO  testCases.TC_001_AccountRegistrationtTest - Provided Email 
10:54:55.281 [main] INFO  testCases.TC_001_AccountRegistrationtTest - Provided Telephone 
10:54:55.533 [main] INFO  testCases.TC_001_AccountRegistrationtTest - Provided Password 
10:54:55.758 [main] INFO  testCases.TC_001_AccountRegistrationtTest - Provided Confrmed Password 
10:54:55.876 [main] INFO  testCases.TC_001_AccountRegistrationtTest - Set Privacy Policy 
10:54:56.729 [main] INFO  testCases.TC_001_AccountRegistrationtTest - Clicked on Continue 
10:54:58.846 [main] INFO  testCases.TC_001_AccountRegistrationtTest - Finished TC_001_AccountRegistrationtTest
10:55:05.301 [main] INFO  testCases.TC_001_AccountRegistrationtTest - Strating TC_001_AccountRegistrationtTest
10:55:05.432 [main] INFO  testCases.TC_001_AccountRegistrationtTest - Clicked on My Account 
10:55:06.506 [main] INFO  testCases.TC_001_AccountRegistrationtTest - Clicked on Register 
10:55:06.583 [main] INFO  testCases.TC_001_AccountRegistrationtTest - Provided First Name 
10:55:06.643 [main] INFO  testCases.TC_001_AccountRegistrationtTest - Provided Last Name 
10:55:06.711 [main] INFO  testCases.TC_001_AccountRegistrationtTest - Provided Email 
10:55:06.766 [main] INFO  testCases.TC_001_AccountRegistrationtTest - Provided Telephone 
10:55:06.868 [main] INFO  testCases.TC_001_AccountRegistrationtTest - Provided Password 
10:55:07.008 [main] INFO  testCases.TC_001_AccountRegistrationtTest - Provided Confrmed Password 
10:55:07.062 [main] INFO  testCases.TC_001_AccountRegistrationtTest - Set Privacy Policy 
10:55:08.036 [main] INFO  testCases.TC_001_AccountRegistrationtTest - Clicked on Continue 
10:55:10.091 [main] INFO  testCases.TC_001_AccountRegistrationtTest - Finished TC_001_AccountRegistrationtTest
12:54:19.112 [main] INFO  testCases.TC_002_LoginTest - Starting TC_002_LoginTest
12:54:20.827 [main] INFO  testCases.TC_002_LoginTest -  Finished TC_002_LoginTest
13:08:30.725 [main] INFO  testCases.TC_002_LoginTest - Starting TC_002_LoginTest
13:08:32.736 [main] INFO  testCases.TC_002_LoginTest -  Finished TC_002_LoginTest
13:22:39.797 [main] INFO  testCases.TC_002_LoginTest - Starting TC_002_LoginTest
13:22:41.704 [main] INFO  testCases.TC_002_LoginTest -  Finished TC_002_LoginTest
16:43:43.977 [main] INFO  testCases.TC_002_LoginTest - Starting TC_002_LoginTest
16:43:45.327 [main] INFO  testCases.TC_002_LoginTest -  Finished TC_002_LoginTest
16:55:34.553 [main] INFO  testCases.TC_002_LoginTest - Starting TC_002_LoginTest
16:55:36.241 [main] INFO  testCases.TC_002_LoginTest -  Finished TC_002_LoginTest
